Reading layer `toohey_forest_boundary' from data source 
  `/home/runner/work/ALA_Toohey_Data/ALA_Toohey_Data/spatial_data/toohey_forest_boundary.shp' 
  using driver `ESRI Shapefile'
Simple feature collection with 1 feature and 11 fields
Geometry type: POLYGON
Dimension:     XYZ
Bounding box:  xmin: 153.0322 ymin: -27.55984 xmax: 153.0815 ymax: -27.53135
z_range:       zmin: 0 zmax: 0
Geodetic CRS:  WGS 84
✔ Matched "citizen science" to valid download reason ID 11.
st_as_s2(): dropping Z and/or M coordinate
Request for 54377 occurrences placed in queue
Current queue length: 1
-----Downloading
Querying API ■■■                                7% |  ETA: 46s
Querying API ■■■■■                             13% |  ETA: 43s
Querying API ■■■■■■■                           19% |  ETA: 40s
Querying API ■■■■■■■■■                         26% |  ETA: 36s
Querying API ■■■■■■■■■■■                       32% |  ETA: 33s
Querying API ■■■■■■■■■■■■                      38% |  ETA: 30s
Querying API ■■■■■■■■■■■■■■                    44% |  ETA: 27s
Querying API ■■■■■■■■■■■■■■■■                  50% |  ETA: 24s
Querying API ■■■■■■■■■■■■■■■■■■                57% |  ETA: 21s
Querying API ■■■■■■■■■■■■■■■■■■■■              63% |  ETA: 18s
Querying API ■■■■■■■■■■■■■■■■■■■■■■            69% |  ETA: 15s
Querying API ■■■■■■■■■■■■■■■■■■■■■■■■          75% |  ETA: 12s
Querying API ■■■■■■■■■■■■■■■■■■■■■■■■■         81% |  ETA:  9s
Querying API ■■■■■■■■■■■■■■■■■■■■■■■■■■■       88% |  ETA:  6s
Querying API ■■■■■■■■■■■■■■■■■■■■■■■■■■■■■     94% |  ETA:  3s
Running test suite ...

══ Testing get_alaoccs_testQA.R ════════════════════════════════════════════════

[ FAIL 0 | WARN 0 | SKIP 0 | PASS 0 ]
[ FAIL 0 | WARN 0 | SKIP 0 | PASS 1 ]
[ FAIL 0 | WARN 0 | SKIP 0 | PASS 2 ]
[ FAIL 0 | WARN 0 | SKIP 0 | PASS 3 ]
[ FAIL 0 | WARN 0 | SKIP 0 | PASS 4 ]
[ FAIL 0 | WARN 0 | SKIP 0 | PASS 5 ]
[ FAIL 0 | WARN 0 | SKIP 0 | PASS 6 ]
[ FAIL 0 | WARN 0 | SKIP 0 | PASS 7 ]
[ FAIL 0 | WARN 0 | SKIP 0 | PASS 8 ]
[ FAIL 0 | WARN 0 | SKIP 0 | PASS 9 ]
[ FAIL 0 | WARN 0 | SKIP 0 | PASS 10 ]
[ FAIL 0 | WARN 0 | SKIP 0 | PASS 11 ]
[ FAIL 0 | WARN 0 | SKIP 0 | PASS 12 ]
[ FAIL 0 | WARN 0 | SKIP 0 | PASS 13 ]
[ FAIL 0 | WARN 0 | SKIP 0 | PASS 14 ]
[ FAIL 0 | WARN 0 | SKIP 0 | PASS 15 ]
[ FAIL 0 | WARN 0 | SKIP 0 | PASS 16 ]
[ FAIL 0 | WARN 0 | SKIP 0 | PASS 17 ]
[ FAIL 0 | WARN 0 | SKIP 0 | PASS 18 ]
[ FAIL 0 | WARN 0 | SKIP 0 | PASS 19 ]
[ FAIL 0 | WARN 0 | SKIP 0 | PASS 20 ] Done!

All tests passed. Proceeding with further analysis.


Total number of occurrences in data: 37565


max date in updated: 
[1] "2025-11-27"


These species are missing wiki URLs - created default URLs: 
character(0)


These species are missing image URLs: 
character(0)
