Reading layer `toohey_forest_boundary' from data source 
  `C:\Users\Shelly\Documents\AAConsulting_DSProjects\ALA_Toohey_Data\spatial_data\toohey_forest_boundary.shp' 
  using driver `ESRI Shapefile'
Simple feature collection with 1 feature and 11 fields
Geometry type: POLYGON
Dimension:     XYZ
Bounding box:  xmin: 153.0322 ymin: -27.55984 xmax: 153.0815 ymax: -27.53135
z_range:       zmin: 0 zmax: 0
Geodetic CRS:  WGS 84
✔ Matched "citizen science" to valid download reason ID 11.
G3;st_as_s2(): dropping Z and/or M coordinate
gRequest for 54378 occurrences placed in queue
Current queue length: 1
-------Downloading
indexed 0B in  0s, 0B/sindexed 2.15GB in  0s, 2.15GB/s                                                                                G3;Querying API ■■■                                8% |  ETA: 14s
gG3;Querying API ■■■                                8% |  ETA: 15s
gG3;Querying API ■■■■                              10% |  ETA: 15s
gG3;Querying API ■■■■                              10% |  ETA: 15s
gG3;Querying API ■■■■■                             12% |  ETA: 15s
gG3;Querying API ■■■■■                             13% |  ETA: 15s
gG3;Querying API ■■■■■                             14% |  ETA: 16s
gG3;Querying API ■■■■■                             14% |  ETA: 17s
gG3;Querying API ■■■■■■                            16% |  ETA: 17s
gG3;Querying API ■■■■■■                            17% |  ETA: 16s
gG3;Querying API ■■■■■■                            17% |  ETA: 16s
gG3;Querying API ■■■■■■■                           19% |  ETA: 16s
gG3;Querying API ■■■■■■■                           19% |  ETA: 16s
gG3;Querying API ■■■■■■■                           20% |  ETA: 16s
gG3;Querying API ■■■■■■■                           21% |  ETA: 16s
gG3;Querying API ■■■■■■■■                          22% |  ETA: 16s
gG3;Querying API ■■■■■■■■                          22% |  ETA: 16s
gG3;Querying API ■■■■■■■■                          24% |  ETA: 16s
gG3;Querying API ■■■■■■■■                          24% |  ETA: 16s
gG3;Querying API ■■■■■■■■■                         26% |  ETA: 15s
gG3;Querying API ■■■■■■■■■                         27% |  ETA: 15s
gG3;Querying API ■■■■■■■■■                         28% |  ETA: 15s
gG3;Querying API ■■■■■■■■■                         28% |  ETA: 15s
gG3;Querying API ■■■■■■■■■■                        28% |  ETA: 15s
gG3;Querying API ■■■■■■■■■■                        29% |  ETA: 16s
gG3;Querying API ■■■■■■■■■■                        30% |  ETA: 16s
gG3;Querying API ■■■■■■■■■■                        31% |  ETA: 15s
gG3;Querying API ■■■■■■■■■■                        31% |  ETA: 15s
gG3;Querying API ■■■■■■■■■■■                       33% |  ETA: 15s
gG3;Querying API ■■■■■■■■■■■                       34% |  ETA: 15s
gG3;Querying API ■■■■■■■■■■■                       35% |  ETA: 14s
gG3;Querying API ■■■■■■■■■■■■                      36% |  ETA: 14s
gG3;Querying API ■■■■■■■■■■■■                      37% |  ETA: 14s
gG3;Querying API ■■■■■■■■■■■■■                     38% |  ETA: 13s
gG3;Querying API ■■■■■■■■■■■■■                     40% |  ETA: 13s
gG3;Querying API ■■■■■■■■■■■■■                     41% |  ETA: 13s
gG3;Querying API ■■■■■■■■■■■■■■                    42% |  ETA: 12s
gG3;Querying API ■■■■■■■■■■■■■■                    43% |  ETA: 12s
gG3;Querying API ■■■■■■■■■■■■■■                    44% |  ETA: 12s
gG3;Querying API ■■■■■■■■■■■■■■■                   46% |  ETA: 12s
gG3;Querying API ■■■■■■■■■■■■■■■                   46% |  ETA: 11s
gG3;Querying API ■■■■■■■■■■■■■■■                   47% |  ETA: 11s
gG3;Querying API ■■■■■■■■■■■■■■■                   48% |  ETA: 11s
gG3;Querying API ■■■■■■■■■■■■■■■■                  49% |  ETA: 11s
gG3;Querying API ■■■■■■■■■■■■■■■■                  51% |  ETA: 10s
gG3;Querying API ■■■■■■■■■■■■■■■■■                 52% |  ETA: 10s
gG3;Querying API ■■■■■■■■■■■■■■■■■                 53% |  ETA: 10s
gG3;Querying API ■■■■■■■■■■■■■■■■■                 55% |  ETA:  9s
gG3;Querying API ■■■■■■■■■■■■■■■■■■                56% |  ETA:  9s
gG3;Querying API ■■■■■■■■■■■■■■■■■■                58% |  ETA:  9s
gG3;Querying API ■■■■■■■■■■■■■■■■■■■               59% |  ETA:  9s
gG3;Querying API ■■■■■■■■■■■■■■■■■■■               60% |  ETA:  8s
gG3;Querying API ■■■■■■■■■■■■■■■■■■■               62% |  ETA:  8s
gG3;Querying API ■■■■■■■■■■■■■■■■■■■■              63% |  ETA:  7s
gG3;Querying API ■■■■■■■■■■■■■■■■■■■■              65% |  ETA:  7s
gG3;Querying API ■■■■■■■■■■■■■■■■■■■■■             66% |  ETA:  7s
gG3;Querying API ■■■■■■■■■■■■■■■■■■■■■             67% |  ETA:  6s
gG3;Querying API ■■■■■■■■■■■■■■■■■■■■■             68% |  ETA:  6s
gG3;Querying API ■■■■■■■■■■■■■■■■■■■■■■            69% |  ETA:  6s
gG3;Querying API ■■■■■■■■■■■■■■■■■■■■■■            70% |  ETA:  6s
gG3;Querying API ■■■■■■■■■■■■■■■■■■■■■■            71% |  ETA:  6s
gG3;Querying API ■■■■■■■■■■■■■■■■■■■■■■■           72% |  ETA:  6s
gG3;Querying API ■■■■■■■■■■■■■■■■■■■■■■■           73% |  ETA:  5s
gG3;Querying API ■■■■■■■■■■■■■■■■■■■■■■■           75% |  ETA:  5s
gG3;Querying API ■■■■■■■■■■■■■■■■■■■■■■■■          76% |  ETA:  5s
gG3;Querying API ■■■■■■■■■■■■■■■■■■■■■■■■          77% |  ETA:  4s
gG3;Querying API ■■■■■■■■■■■■■■■■■■■■■■■■■         79% |  ETA:  4s
gG3;Querying API ■■■■■■■■■■■■■■■■■■■■■■■■■         80% |  ETA:  4s
gG3;Querying API ■■■■■■■■■■■■■■■■■■■■■■■■■         82% |  ETA:  4s
gG3;Querying API ■■■■■■■■■■■■■■■■■■■■■■■■■■        83% |  ETA:  3s
gG3;Querying API ■■■■■■■■■■■■■■■■■■■■■■■■■■        84% |  ETA:  3s
gG3;Querying API ■■■■■■■■■■■■■■■■■■■■■■■■■■■       86% |  ETA:  3s
gG3;Querying API ■■■■■■■■■■■■■■■■■■■■■■■■■■■       87% |  ETA:  3s
gG3;Querying API ■■■■■■■■■■■■■■■■■■■■■■■■■■■       88% |  ETA:  2s
gG3;Querying API ■■■■■■■■■■■■■■■■■■■■■■■■■■■■      90% |  ETA:  2s
gG3;Querying API ■■■■■■■■■■■■■■■■■■■■■■■■■■■■      91% |  ETA:  2s
gG3;Querying API ■■■■■■■■■■■■■■■■■■■■■■■■■■■■■     92% |  ETA:  1s
gG3;Querying API ■■■■■■■■■■■■■■■■■■■■■■■■■■■■■     94% |  ETA:  1s
gG3;Querying API ■■■■■■■■■■■■■■■■■■■■■■■■■■■■■■    95% |  ETA:  1s
gG3;Querying API ■■■■■■■■■■■■■■■■■■■■■■■■■■■■■■    96% |  ETA:  1s
gG3;Querying API ■■■■■■■■■■■■■■■■■■■■■■■■■■■■■■    97% |  ETA:  1s
gG3;Querying API ■■■■■■■■■■■■■■■■■■■■■■■■■■■■■■    98% |  ETA:  0s
gG3;Querying API ■■■■■■■■■■■■■■■■■■■■■■■■■■■■■■■  100% |  ETA:  0s
gG3;Matched 228 of 229 taxonomic search terms in selected atlas (Australia).
gG3;1 unmatched search term:
gG3;• "ANURA"
g
G3;Running test suite ...
g
[ FAIL 0 | WARN 0 | SKIP 0 | PASS 0 ]
[ FAIL 0 | WARN 0 | SKIP 0 | PASS 1 ]
[ FAIL 0 | WARN 0 | SKIP 0 | PASS 2 ]
[ FAIL 0 | WARN 0 | SKIP 0 | PASS 3 ]
[ FAIL 0 | WARN 0 | SKIP 0 | PASS 4 ]
[ FAIL 0 | WARN 0 | SKIP 0 | PASS 5 ]
[ FAIL 0 | WARN 0 | SKIP 0 | PASS 6 ]
[ FAIL 0 | WARN 0 | SKIP 0 | PASS 7 ]
[ FAIL 0 | WARN 0 | SKIP 0 | PASS 8 ]
[ FAIL 0 | WARN 0 | SKIP 0 | PASS 9 ]
[ FAIL 0 | WARN 0 | SKIP 0 | PASS 10 ]
[ FAIL 0 | WARN 0 | SKIP 0 | PASS 11 ]
[ FAIL 0 | WARN 0 | SKIP 0 | PASS 12 ]
[ FAIL 0 | WARN 0 | SKIP 0 | PASS 13 ]
[ FAIL 0 | WARN 0 | SKIP 0 | PASS 14 ]
[ FAIL 0 | WARN 0 | SKIP 0 | PASS 15 ]
[ FAIL 0 | WARN 0 | SKIP 0 | PASS 16 ]
[ FAIL 0 | WARN 0 | SKIP 0 | PASS 17 ]
[ FAIL 0 | WARN 0 | SKIP 0 | PASS 18 ]
[ FAIL 0 | WARN 0 | SKIP 0 | PASS 19 ]
[ FAIL 0 | WARN 0 | SKIP 0 | PASS 20 ]G3;
All tests passed. Proceeding with further analysis.
gG3;

Total number of occurrences in data: 34922
gG3;

max date in updated: 
g[1] "2025-11-27"
G3;

These species are missing wiki URLs - created default URLs: 
gcharacter(0)
G3;

These species are missing image URLs: 
gcharacter(0)
