Reading layer `toohey_forest_boundary' from data source 
  `/home/runner/work/ALA_Toohey_Data/ALA_Toohey_Data/spatial_data/toohey_forest_boundary.shp' 
  using driver `ESRI Shapefile'
Simple feature collection with 1 feature and 11 fields
Geometry type: POLYGON
Dimension:     XYZ
Bounding box:  xmin: 153.0322 ymin: -27.55984 xmax: 153.0815 ymax: -27.53135
z_range:       zmin: 0 zmax: 0
Geodetic CRS:  WGS 84
✔ Matched "citizen science" to valid download reason ID 11.
st_as_s2(): dropping Z and/or M coordinate
Request for 66820 occurrences placed in queue
Current queue length: 1
-----Downloading
Querying API ■■■                                6% |  ETA:  1m
Querying API ■■■■                              11% |  ETA: 49s
Querying API ■■■■■■                            16% |  ETA: 47s
Querying API ■■■■■■■■                          22% |  ETA: 44s
Querying API ■■■■■■■■■                         27% |  ETA: 41s
Querying API ■■■■■■■■■■■                       33% |  ETA: 38s
Querying API ■■■■■■■■■■■■                      38% |  ETA: 35s
Querying API ■■■■■■■■■■■■■■                    43% |  ETA: 32s
Querying API ■■■■■■■■■■■■■■■■                  49% |  ETA: 28s
Querying API ■■■■■■■■■■■■■■■■■                 55% |  ETA: 25s
Querying API ■■■■■■■■■■■■■■■■■■■               60% |  ETA: 22s
Querying API ■■■■■■■■■■■■■■■■■■■■■             66% |  ETA: 19s
Querying API ■■■■■■■■■■■■■■■■■■■■■■            71% |  ETA: 16s
Querying API ■■■■■■■■■■■■■■■■■■■■■■■■          76% |  ETA: 13s
Querying API ■■■■■■■■■■■■■■■■■■■■■■■■■■        82% |  ETA: 10s
Querying API ■■■■■■■■■■■■■■■■■■■■■■■■■■■       87% |  ETA:  7s
Querying API ■■■■■■■■■■■■■■■■■■■■■■■■■■■■■     93% |  ETA:  4s
Querying API ■■■■■■■■■■■■■■■■■■■■■■■■■■■■■■■   98% |  ETA:  1s
Running test suite ...

══ Testing get_alaoccs_testQA.R ════════════════════════════════════════════════

[ FAIL 0 | WARN 0 | SKIP 0 | PASS 0 ]
[ FAIL 0 | WARN 0 | SKIP 0 | PASS 1 ]
[ FAIL 0 | WARN 0 | SKIP 0 | PASS 2 ]
[ FAIL 0 | WARN 0 | SKIP 0 | PASS 3 ]
[ FAIL 0 | WARN 0 | SKIP 0 | PASS 4 ]
[ FAIL 0 | WARN 0 | SKIP 0 | PASS 5 ]
[ FAIL 0 | WARN 0 | SKIP 0 | PASS 6 ]
[ FAIL 0 | WARN 0 | SKIP 0 | PASS 7 ]
[ FAIL 0 | WARN 0 | SKIP 0 | PASS 8 ]
[ FAIL 0 | WARN 0 | SKIP 0 | PASS 9 ]
[ FAIL 0 | WARN 0 | SKIP 0 | PASS 10 ]
[ FAIL 0 | WARN 0 | SKIP 0 | PASS 11 ]
[ FAIL 0 | WARN 0 | SKIP 0 | PASS 12 ]
[ FAIL 0 | WARN 0 | SKIP 0 | PASS 13 ]
[ FAIL 0 | WARN 0 | SKIP 0 | PASS 14 ]
[ FAIL 0 | WARN 0 | SKIP 0 | PASS 15 ]
[ FAIL 0 | WARN 0 | SKIP 0 | PASS 16 ]
[ FAIL 0 | WARN 0 | SKIP 0 | PASS 17 ]
[ FAIL 0 | WARN 0 | SKIP 0 | PASS 18 ]
[ FAIL 0 | WARN 0 | SKIP 0 | PASS 19 ]
[ FAIL 0 | WARN 0 | SKIP 0 | PASS 20 ] Done!

All tests passed. Proceeding with further analysis.


Total number of occurrences in data: 45974


max date in updated: 
[1] "2025-12-13"


These species are missing wiki URLs - created default URLs: 
character(0)


These species are missing image URLs: 
character(0)
