Reading layer `toohey_forest_boundary' from data source 
  `C:\Users\Shelly\Documents\AAConsulting_DSProjects\ALA_Toohey_Data\spatial_data\toohey_forest_boundary.shp' using driver `ESRI Shapefile'
Simple feature collection with 1 feature and 11 fields
Geometry type: POLYGON
Dimension:     XYZ
Bounding box:  xmin: 153.0322 ymin: -27.55984 xmax: 153.0815 ymax: -27.53135
z_range:       zmin: 0 zmax: 0
Geodetic CRS:  WGS 84
✔ Matched "citizen science" to valid download reason ID 11.
st_as_s2(): dropping Z and/or M coordinate
Request for 52878 occurrences placed in queue
Current queue length: 1
----Downloading
indexed 0B in  0s, 0B/sindexed 2.15GB in  0s, 2.15GB/s                                                                                                                                               Querying API ■■■                                7% |  ETA: 14s
Querying API ■■■■                               8% |  ETA: 14s
Querying API ■■■■                              10% |  ETA: 13s
Querying API ■■■■■                             12% |  ETA: 12s
Querying API ■■■■■                             14% |  ETA: 12s
Querying API ■■■■■■                            15% |  ETA: 11s
Querying API ■■■■■■                            17% |  ETA: 11s
Querying API ■■■■■■■                           19% |  ETA: 11s
Querying API ■■■■■■■                           21% |  ETA: 10s
Querying API ■■■■■■■■                          22% |  ETA: 10s
Querying API ■■■■■■■■                          24% |  ETA: 10s
Querying API ■■■■■■■■■                         26% |  ETA: 10s
Querying API ■■■■■■■■■                         27% |  ETA:  9s
Querying API ■■■■■■■■■                         28% |  ETA: 10s
Querying API ■■■■■■■■■■                        30% |  ETA: 10s
Querying API ■■■■■■■■■■■                       32% |  ETA:  9s
Querying API ■■■■■■■■■■■                       33% |  ETA:  9s
Querying API ■■■■■■■■■■■■                      35% |  ETA:  9s
Querying API ■■■■■■■■■■■■                      37% |  ETA:  9s
Querying API ■■■■■■■■■■■■■                     39% |  ETA:  8s
Querying API ■■■■■■■■■■■■■                     41% |  ETA:  8s
Querying API ■■■■■■■■■■■■■■                    42% |  ETA:  8s
Querying API ■■■■■■■■■■■■■■                    44% |  ETA:  7s
Querying API ■■■■■■■■■■■■■■■                   46% |  ETA:  7s
Querying API ■■■■■■■■■■■■■■■                   47% |  ETA:  7s
Querying API ■■■■■■■■■■■■■■■■                  49% |  ETA:  7s
Querying API ■■■■■■■■■■■■■■■■                  51% |  ETA:  6s
Querying API ■■■■■■■■■■■■■■■■                  51% |  ETA:  7s
Querying API ■■■■■■■■■■■■■■■■                  52% |  ETA:  7s
Querying API ■■■■■■■■■■■■■■■■■                 54% |  ETA:  6s
Querying API ■■■■■■■■■■■■■■■■■■                56% |  ETA:  6s
Querying API ■■■■■■■■■■■■■■■■■■                57% |  ETA:  6s
Querying API ■■■■■■■■■■■■■■■■■■■               59% |  ETA:  6s
Querying API ■■■■■■■■■■■■■■■■■■■               60% |  ETA:  5s
Querying API ■■■■■■■■■■■■■■■■■■■■              63% |  ETA:  5s
Querying API ■■■■■■■■■■■■■■■■■■■■              64% |  ETA:  5s
Querying API ■■■■■■■■■■■■■■■■■■■■■             67% |  ETA:  4s
Querying API ■■■■■■■■■■■■■■■■■■■■■             68% |  ETA:  4s
Querying API ■■■■■■■■■■■■■■■■■■■■■■            70% |  ETA:  4s
Querying API ■■■■■■■■■■■■■■■■■■■■■■            71% |  ETA:  4s
Querying API ■■■■■■■■■■■■■■■■■■■■■■■           73% |  ETA:  4s
Querying API ■■■■■■■■■■■■■■■■■■■■■■■           74% |  ETA:  3s
Querying API ■■■■■■■■■■■■■■■■■■■■■■■           75% |  ETA:  3s
Querying API ■■■■■■■■■■■■■■■■■■■■■■■■          76% |  ETA:  3s
Querying API ■■■■■■■■■■■■■■■■■■■■■■■■          78% |  ETA:  3s
Querying API ■■■■■■■■■■■■■■■■■■■■■■■■■         80% |  ETA:  3s
Querying API ■■■■■■■■■■■■■■■■■■■■■■■■■         81% |  ETA:  3s
Querying API ■■■■■■■■■■■■■■■■■■■■■■■■■■        83% |  ETA:  2s
Querying API ■■■■■■■■■■■■■■■■■■■■■■■■■■■       85% |  ETA:  2s
Querying API ■■■■■■■■■■■■■■■■■■■■■■■■■■■       87% |  ETA:  2s
Querying API ■■■■■■■■■■■■■■■■■■■■■■■■■■■■      89% |  ETA:  2s
Querying API ■■■■■■■■■■■■■■■■■■■■■■■■■■■■      91% |  ETA:  1s
Querying API ■■■■■■■■■■■■■■■■■■■■■■■■■■■■■     93% |  ETA:  1s
Querying API ■■■■■■■■■■■■■■■■■■■■■■■■■■■■■     94% |  ETA:  1s
Querying API ■■■■■■■■■■■■■■■■■■■■■■■■■■■■■■    96% |  ETA:  1s
Querying API ■■■■■■■■■■■■■■■■■■■■■■■■■■■■■■    97% |  ETA:  0s
Querying API ■■■■■■■■■■■■■■■■■■■■■■■■■■■■■■■   99% |  ETA:  0s
Running test suite ...

[ FAIL 0 | WARN 0 | SKIP 0 | PASS 0 ]
[ FAIL 0 | WARN 0 | SKIP 0 | PASS 1 ]
[ FAIL 0 | WARN 0 | SKIP 0 | PASS 2 ]
[ FAIL 0 | WARN 0 | SKIP 0 | PASS 3 ]
[ FAIL 0 | WARN 0 | SKIP 0 | PASS 4 ]
[ FAIL 0 | WARN 0 | SKIP 0 | PASS 5 ]
[ FAIL 0 | WARN 0 | SKIP 0 | PASS 6 ]
[ FAIL 0 | WARN 0 | SKIP 0 | PASS 7 ]
[ FAIL 0 | WARN 0 | SKIP 0 | PASS 8 ]
[ FAIL 0 | WARN 0 | SKIP 0 | PASS 9 ]
[ FAIL 0 | WARN 0 | SKIP 0 | PASS 10 ]
[ FAIL 0 | WARN 0 | SKIP 0 | PASS 11 ]
[ FAIL 0 | WARN 0 | SKIP 0 | PASS 12 ]
[ FAIL 0 | WARN 0 | SKIP 0 | PASS 13 ]
[ FAIL 0 | WARN 0 | SKIP 0 | PASS 14 ]
[ FAIL 0 | WARN 0 | SKIP 0 | PASS 15 ]
[ FAIL 0 | WARN 0 | SKIP 0 | PASS 16 ]
[ FAIL 0 | WARN 0 | SKIP 0 | PASS 17 ]
[ FAIL 0 | WARN 0 | SKIP 0 | PASS 18 ]
[ FAIL 0 | WARN 0 | SKIP 0 | PASS 19 ]
[ FAIL 0 | WARN 0 | SKIP 0 | PASS 20 ]
All tests passed. Proceeding with further analysis.


Total number of occurrences in data: 33533


max date in updated: 
[1] "2025-04-26"


These species are missing wiki URLs - created default URLs: 
character(0)


These species are missing image URLs: 
character(0)
