✔ Matched "citizen science" to valid download reason ID 11.

Reading in base occurrences ...

Downloading occurrences ...
Date in ISO8601 format; converting timezone from UTC to "Australia/Brisbane".
Reading layer `toohey_forest_boundary' from data source 
  `/home/runner/work/ALA_Toohey_Data/ALA_Toohey_Data/spatial_data/toohey_forest_boundary.shp' 
  using driver `ESRI Shapefile'
Simple feature collection with 1 feature and 11 fields
Geometry type: POLYGON
Dimension:     XYZ
Bounding box:  xmin: 153.0322 ymin: -27.55984 xmax: 153.0815 ymax: -27.53135
z_range:       zmin: 0 zmax: 0
Geodetic CRS:  WGS 84
Adding cladistics ...
Querying API ■■■                                5% |  ETA:  1m
Querying API ■■■■                              10% |  ETA:  1m
Querying API ■■■■■                             15% |  ETA:  1m
Querying API ■■■■■■■                           20% |  ETA: 50s
Querying API ■■■■■■■■                          25% |  ETA: 47s
Querying API ■■■■■■■■■■                        30% |  ETA: 44s
Querying API ■■■■■■■■■■■                       34% |  ETA: 41s
Querying API ■■■■■■■■■■■■■                     39% |  ETA: 38s
Querying API ■■■■■■■■■■■■■■                    44% |  ETA: 34s
Querying API ■■■■■■■■■■■■■■■■                  49% |  ETA: 31s
Querying API ■■■■■■■■■■■■■■■■■                 54% |  ETA: 28s
Querying API ■■■■■■■■■■■■■■■■■■■               59% |  ETA: 25s
Querying API ■■■■■■■■■■■■■■■■■■■■              64% |  ETA: 22s
Querying API ■■■■■■■■■■■■■■■■■■■■■■            69% |  ETA: 19s
Querying API ■■■■■■■■■■■■■■■■■■■■■■■           74% |  ETA: 16s
Querying API ■■■■■■■■■■■■■■■■■■■■■■■■■         78% |  ETA: 13s
Querying API ■■■■■■■■■■■■■■■■■■■■■■■■■■        83% |  ETA: 10s
Querying API ■■■■■■■■■■■■■■■■■■■■■■■■■■■■      88% |  ETA:  7s
Querying API ■■■■■■■■■■■■■■■■■■■■■■■■■■■■■     93% |  ETA:  4s
Querying API ■■■■■■■■■■■■■■■■■■■■■■■■■■■■■■    98% |  ETA:  1s
Matched 279 of 283 taxonomic search terms in selected atlas (Australia).
4 unmatched search terms:
• "Sphenomorphinae", "Carlia", "Eugongylinae" + 1 more

Running test suite ...

══ Testing update_occs_testQA.R ════════════════════════════════════════════════

[ FAIL 0 | WARN 0 | SKIP 0 | PASS 0 ]
[ FAIL 0 | WARN 0 | SKIP 0 | PASS 1 ]
[ FAIL 0 | WARN 0 | SKIP 0 | PASS 2 ]
[ FAIL 0 | WARN 0 | SKIP 0 | PASS 3 ]
[ FAIL 0 | WARN 0 | SKIP 0 | PASS 4 ]
[ FAIL 0 | WARN 0 | SKIP 0 | PASS 5 ]
[ FAIL 0 | WARN 0 | SKIP 0 | PASS 6 ]
[ FAIL 0 | WARN 0 | SKIP 0 | PASS 7 ]
[ FAIL 0 | WARN 0 | SKIP 0 | PASS 8 ]
[ FAIL 0 | WARN 0 | SKIP 0 | PASS 9 ]
[ FAIL 0 | WARN 0 | SKIP 0 | PASS 10 ]
[ FAIL 0 | WARN 0 | SKIP 0 | PASS 11 ]
[ FAIL 0 | WARN 0 | SKIP 0 | PASS 12 ]
[ FAIL 0 | WARN 0 | SKIP 0 | PASS 13 ]
[ FAIL 0 | WARN 0 | SKIP 0 | PASS 14 ]
[ FAIL 0 | WARN 0 | SKIP 0 | PASS 15 ]
[ FAIL 0 | WARN 0 | SKIP 0 | PASS 16 ]
[ FAIL 0 | WARN 0 | SKIP 0 | PASS 17 ]
[ FAIL 0 | WARN 0 | SKIP 0 | PASS 18 ]
[ FAIL 0 | WARN 0 | SKIP 0 | PASS 19 ] Done!

All tests passed. Proceeding with further analysis.
Joining with `by = join_by(latitude, longitude, eventDate, eventTime, species)`


Number of new occurrences added: 117


Total number of occurrences in data: 34395


These species are missing wiki URLs - created default URLs: 
character(0)


These species are missing image URLs: 
character(0)


The following name mismatches were found: 


[1] "Carlia vivax"              "Symposiachrus trivirgatus"


max date in updated: 
[1] "2025-09-06"


List of Tara Toohey species detected: 
