✔ Matched "citizen science" to valid download reason ID 11.

Reading in base occurrences ...

Downloading occurrences ...
Date in ISO8601 format; converting timezone from UTC to "Australia/Brisbane".
Reading layer `toohey_forest_boundary' from data source 
  `/home/runner/work/ALA_Toohey_Data/ALA_Toohey_Data/spatial_data/toohey_forest_boundary.shp' 
  using driver `ESRI Shapefile'
Simple feature collection with 1 feature and 11 fields
Geometry type: POLYGON
Dimension:     XYZ
Bounding box:  xmin: 153.0322 ymin: -27.55984 xmax: 153.0815 ymax: -27.53135
z_range:       zmin: 0 zmax: 0
Geodetic CRS:  WGS 84
Adding cladistics ...
Querying API ■■■■                               9% |  ETA: 15s
Querying API ■■■■■■■■■                         26% |  ETA: 12s
Querying API ■■■■■■■■■■■■■■                    45% |  ETA:  9s
Querying API ■■■■■■■■■■■■■■■■■■■■              64% |  ETA:  6s
Querying API ■■■■■■■■■■■■■■■■■■■■■■■■■■        83% |  ETA:  3s
Running test suite ...

══ Testing update_occs_testQA.R ════════════════════════════════════════════════

[ FAIL 0 | WARN 0 | SKIP 0 | PASS 0 ]
[ FAIL 0 | WARN 0 | SKIP 0 | PASS 1 ]
[ FAIL 0 | WARN 0 | SKIP 0 | PASS 2 ]
[ FAIL 0 | WARN 0 | SKIP 0 | PASS 3 ]
[ FAIL 0 | WARN 0 | SKIP 0 | PASS 4 ]
[ FAIL 0 | WARN 0 | SKIP 0 | PASS 5 ]
[ FAIL 0 | WARN 0 | SKIP 0 | PASS 6 ]
[ FAIL 0 | WARN 0 | SKIP 0 | PASS 7 ]
[ FAIL 0 | WARN 0 | SKIP 0 | PASS 8 ]
[ FAIL 0 | WARN 0 | SKIP 0 | PASS 9 ]
[ FAIL 0 | WARN 0 | SKIP 0 | PASS 10 ]
[ FAIL 0 | WARN 0 | SKIP 0 | PASS 11 ]
[ FAIL 0 | WARN 0 | SKIP 0 | PASS 12 ]
[ FAIL 0 | WARN 0 | SKIP 0 | PASS 13 ]
[ FAIL 0 | WARN 0 | SKIP 0 | PASS 14 ]
[ FAIL 0 | WARN 0 | SKIP 0 | PASS 15 ]
[ FAIL 0 | WARN 0 | SKIP 0 | PASS 16 ]
[ FAIL 0 | WARN 0 | SKIP 0 | PASS 17 ]
[ FAIL 0 | WARN 0 | SKIP 0 | PASS 18 ]
[ FAIL 0 | WARN 0 | SKIP 0 | PASS 19 ] Done!

All tests passed. Proceeding with further analysis.
Joining with `by = join_by(latitude, longitude, eventDate, eventTime, species)`


Number of new occurrences added: 2


Total number of occurrences in data: 47117


These species are missing wiki URLs - created default URLs: 
character(0)


These species are missing image URLs: 
character(0)


The following name mismatches were found: 


 [1] "Acanthorhynchus tenuirostris" "Alisterus scapularis"        
 [3] "Cacatua galerita"             "Cacatua sanguinea"           
 [5] "Colluricincla harmonica"      "Coracina novaehollandiae"    
 [7] "Corvus orru"                  "Cracticus nigrogularis"      
 [9] "Cracticus torquatus"          "Dicrurus bracteatus"         
[11] "Edolisoma tenuirostre"        "Entomyzon cyanotis"          
[13] "Eopsaltria australis"         "Grallina cyanoleuca"         
[15] "Hirundo neoxena"              "Lichmera indistincta"        
[17] "Malurus cyaneus"              "Meliphaga lewinii"           
[19] "Melithreptus albogularis"     "Myiagra rubecula"            
[21] "Neochmia temporalis"          "Oriolus sagittatus"          
[23] "Pachycephala pectoralis"      "Pachycephala rufiventris"    
[25] "Pardalotus striatus"          "Petrochelidon nigricans"     
[27] "Philemon corniculatus"        "Platycercus adscitus"        
[29] "Psophodes olivaceus"          "Rhipidura leucophrys"        
[31] "Rhipidura rufifrons"          "Sericornis frontalis"        
[33] "Strepera graculina"           "Symposiachrus trivirgatus"   
[35] "Synoicus ypsilophora"         "Todiramphus macleayii"       
[37] "Trichoglossus moluccanus"     "Zosterops lateralis"         


max date in updated: 
[1] "2026-04-23"


List of Tara Toohey species detected: 
