✔ Matched "citizen science" to valid download reason ID 11.

Reading in base occurrences ...

Downloading occurrences ...
Date in ISO8601 format; converting timezone from UTC to "Australia/Brisbane".
Reading layer `toohey_forest_boundary' from data source 
  `/home/runner/work/ALA_Toohey_Data/ALA_Toohey_Data/spatial_data/toohey_forest_boundary.shp' 
  using driver `ESRI Shapefile'
Simple feature collection with 1 feature and 11 fields
Geometry type: POLYGON
Dimension:     XYZ
Bounding box:  xmin: 153.0322 ymin: -27.55984 xmax: 153.0815 ymax: -27.53135
z_range:       zmin: 0 zmax: 0
Geodetic CRS:  WGS 84
Adding cladistics ...
Querying API ■■■                                8% |  ETA: 18s
Querying API ■■■■■■■■                          24% |  ETA: 15s
Querying API ■■■■■■■■■■■■■                     39% |  ETA: 12s
Querying API ■■■■■■■■■■■■■■■■■■                56% |  ETA:  9s
Querying API ■■■■■■■■■■■■■■■■■■■■■■■           72% |  ETA:  5s
Querying API ■■■■■■■■■■■■■■■■■■■■■■■■■■■       88% |  ETA:  2s
Matched 91 of 99 taxonomic search terms in selected atlas (Australia).
8 unmatched search terms:
• "Chlorohyla gracilenta", "Chlorohyla gracilenta", "Chlorohyla gracilenta" + 5
more

Running test suite ...

══ Testing update_occs_testQA.R ════════════════════════════════════════════════

[ FAIL 0 | WARN 0 | SKIP 0 | PASS 0 ]
[ FAIL 0 | WARN 0 | SKIP 0 | PASS 1 ]
[ FAIL 0 | WARN 0 | SKIP 0 | PASS 2 ]
[ FAIL 0 | WARN 0 | SKIP 0 | PASS 3 ]
[ FAIL 0 | WARN 0 | SKIP 0 | PASS 4 ]
[ FAIL 0 | WARN 0 | SKIP 0 | PASS 5 ]
[ FAIL 0 | WARN 0 | SKIP 0 | PASS 6 ]
[ FAIL 0 | WARN 0 | SKIP 0 | PASS 7 ]
[ FAIL 0 | WARN 0 | SKIP 0 | PASS 8 ]
[ FAIL 0 | WARN 0 | SKIP 0 | PASS 9 ]
[ FAIL 0 | WARN 0 | SKIP 0 | PASS 10 ]
[ FAIL 0 | WARN 0 | SKIP 0 | PASS 11 ]
[ FAIL 0 | WARN 0 | SKIP 0 | PASS 12 ]
[ FAIL 0 | WARN 0 | SKIP 0 | PASS 13 ]
[ FAIL 0 | WARN 0 | SKIP 0 | PASS 14 ]
[ FAIL 0 | WARN 0 | SKIP 0 | PASS 15 ]
[ FAIL 0 | WARN 0 | SKIP 0 | PASS 16 ]
[ FAIL 0 | WARN 0 | SKIP 0 | PASS 17 ]
[ FAIL 0 | WARN 0 | SKIP 0 | PASS 18 ]
[ FAIL 0 | WARN 0 | SKIP 0 | PASS 19 ] Done!

All tests passed. Proceeding with further analysis.
Joining with `by = join_by(latitude, longitude, eventDate, eventTime, species)`


Number of new occurrences added: 27


Total number of occurrences in data: 34836


These species are missing wiki URLs - created default URLs: 
character(0)


These species are missing image URLs: 
[1] "Emydura macquarii"       "Lampropholis guichenoti"
[3] "Rattus fuscipes"        


The following name mismatches were found: 


[1] "Turnix varius"


max date in updated: 
[1] "2025-11-06"


List of Tara Toohey species detected: 
