✔ Matched "citizen science" to valid download reason ID 11.
G3;
Reading in base occurrences ...
gG3;
Downloading occurrences ...
gG3;Date in ISO8601 format; converting timezone from UTC to "Australia/Brisbane".
gReading layer `toohey_forest_boundary' from data source 
  `C:\Users\Shelly\Documents\AAConsulting_DSProjects\ALA_Toohey_Data\spatial_data\toohey_forest_boundary.shp' 
  using driver `ESRI Shapefile'
Simple feature collection with 1 feature and 11 fields
Geometry type: POLYGON
Dimension:     XYZ
Bounding box:  xmin: 153.0322 ymin: -27.55984 xmax: 153.0815 ymax: -27.53135
z_range:       zmin: 0 zmax: 0
Geodetic CRS:  WGS 84
Warning message:
attribute variables are assumed to be spatially constant throughout all geometries 
G3;Adding cladistics ...
gG3;Running test suite ...
g
[ FAIL 0 | WARN 0 | SKIP 0 | PASS 0 ]
[ FAIL 0 | WARN 0 | SKIP 0 | PASS 1 ]
[ FAIL 0 | WARN 0 | SKIP 0 | PASS 2 ]
[ FAIL 0 | WARN 0 | SKIP 0 | PASS 3 ]
[ FAIL 0 | WARN 0 | SKIP 0 | PASS 4 ]
[ FAIL 0 | WARN 0 | SKIP 0 | PASS 5 ]
[ FAIL 0 | WARN 0 | SKIP 0 | PASS 6 ]
[ FAIL 0 | WARN 0 | SKIP 0 | PASS 7 ]
[ FAIL 0 | WARN 0 | SKIP 0 | PASS 8 ]
[ FAIL 0 | WARN 0 | SKIP 0 | PASS 9 ]
[ FAIL 0 | WARN 0 | SKIP 0 | PASS 10 ]
[ FAIL 0 | WARN 0 | SKIP 0 | PASS 11 ]
[ FAIL 0 | WARN 0 | SKIP 0 | PASS 12 ]
[ FAIL 0 | WARN 0 | SKIP 0 | PASS 13 ]
[ FAIL 0 | WARN 0 | SKIP 0 | PASS 14 ]
[ FAIL 0 | WARN 0 | SKIP 0 | PASS 15 ]
[ FAIL 0 | WARN 0 | SKIP 0 | PASS 16 ]
[ FAIL 0 | WARN 0 | SKIP 0 | PASS 17 ]
[ FAIL 0 | WARN 0 | SKIP 0 | PASS 18 ]
[ FAIL 0 | WARN 0 | SKIP 0 | PASS 19 ]G3;
All tests passed. Proceeding with further analysis.
gJoining with `by = join_by(latitude, longitude, eventDate, eventTime,
species)`
G3;

Number of new occurrences added: 0
gG3;

Total number of occurrences in data: 34939
gG3;

These species are missing wiki URLs - created default URLs: 
gcharacter(0)
G3;

These species are missing image URLs: 
gcharacter(0)
G3;No name mismatches
gG3;

max date in updated: 
g[1] "2025-12-03"
G3;

List of Tara Toohey species detected: 
g