✔ Matched "citizen science" to valid download reason ID 11.

Reading in base occurrences ...

Downloading occurrences ...
Date in ISO8601 format; converting timezone from UTC to "Australia/Brisbane".
Reading layer `toohey_forest_boundary' from data source 
  `/home/runner/work/ALA_Toohey_Data/ALA_Toohey_Data/spatial_data/toohey_forest_boundary.shp' 
  using driver `ESRI Shapefile'
Simple feature collection with 1 feature and 11 fields
Geometry type: POLYGON
Dimension:     XYZ
Bounding box:  xmin: 153.0322 ymin: -27.55984 xmax: 153.0815 ymax: -27.53135
z_range:       zmin: 0 zmax: 0
Geodetic CRS:  WGS 84
Adding cladistics ...
Querying API ■■                                 4% |  ETA:  1m
Querying API ■■■■                               9% |  ETA:  1m
Querying API ■■■■■                             13% |  ETA:  1m
Querying API ■■■■■■                            18% |  ETA:  1m
Querying API ■■■■■■■■                          23% |  ETA:  1m
Querying API ■■■■■■■■■                         27% |  ETA: 47s
Querying API ■■■■■■■■■■■                       32% |  ETA: 44s
Querying API ■■■■■■■■■■■■                      37% |  ETA: 41s
Querying API ■■■■■■■■■■■■■                     41% |  ETA: 38s
Querying API ■■■■■■■■■■■■■■■                   46% |  ETA: 35s
Querying API ■■■■■■■■■■■■■■■■                  50% |  ETA: 32s
Querying API ■■■■■■■■■■■■■■■■■■                55% |  ETA: 29s
Querying API ■■■■■■■■■■■■■■■■■■■               60% |  ETA: 26s
Querying API ■■■■■■■■■■■■■■■■■■■■              65% |  ETA: 23s
Querying API ■■■■■■■■■■■■■■■■■■■■■■            70% |  ETA: 20s
Querying API ■■■■■■■■■■■■■■■■■■■■■■■           74% |  ETA: 17s
Querying API ■■■■■■■■■■■■■■■■■■■■■■■■■         79% |  ETA: 14s
Querying API ■■■■■■■■■■■■■■■■■■■■■■■■■■        83% |  ETA: 11s
Querying API ■■■■■■■■■■■■■■■■■■■■■■■■■■■       88% |  ETA:  8s
Querying API ■■■■■■■■■■■■■■■■■■■■■■■■■■■■■     93% |  ETA:  5s
Querying API ■■■■■■■■■■■■■■■■■■■■■■■■■■■■■■    97% |  ETA:  2s
Matched 314 of 315 taxonomic search terms in selected atlas (Australia).
1 unmatched search term:
• "Carlia"

Running test suite ...

══ Testing update_occs_testQA.R ════════════════════════════════════════════════

[ FAIL 0 | WARN 0 | SKIP 0 | PASS 0 ]
[ FAIL 0 | WARN 0 | SKIP 0 | PASS 1 ]
[ FAIL 0 | WARN 0 | SKIP 0 | PASS 2 ]
[ FAIL 0 | WARN 0 | SKIP 0 | PASS 3 ]
[ FAIL 0 | WARN 0 | SKIP 0 | PASS 4 ]
[ FAIL 0 | WARN 0 | SKIP 0 | PASS 5 ]
[ FAIL 0 | WARN 0 | SKIP 0 | PASS 6 ]
[ FAIL 0 | WARN 0 | SKIP 0 | PASS 7 ]
[ FAIL 0 | WARN 0 | SKIP 0 | PASS 8 ]
[ FAIL 0 | WARN 0 | SKIP 0 | PASS 9 ]
[ FAIL 0 | WARN 0 | SKIP 0 | PASS 10 ]
[ FAIL 0 | WARN 0 | SKIP 0 | PASS 11 ]
[ FAIL 0 | WARN 0 | SKIP 0 | PASS 12 ]
[ FAIL 0 | WARN 0 | SKIP 0 | PASS 13 ]
[ FAIL 0 | WARN 0 | SKIP 0 | PASS 14 ]
[ FAIL 0 | WARN 0 | SKIP 0 | PASS 15 ]
[ FAIL 0 | WARN 0 | SKIP 0 | PASS 16 ]
[ FAIL 0 | WARN 0 | SKIP 0 | PASS 17 ]
[ FAIL 0 | WARN 0 | SKIP 0 | PASS 18 ]
[ FAIL 0 | WARN 0 | SKIP 0 | PASS 19 ] Done!

All tests passed. Proceeding with further analysis.
Joining with `by = join_by(latitude, longitude, eventDate, eventTime, species)`


Number of new occurrences added: 151


Total number of occurrences in data: 34457


These species are missing wiki URLs - created default URLs: 
character(0)


These species are missing image URLs: 
[1] "Anilios nigrescens" "Canis familiaris"  


The following name mismatches were found: 


[1] "Carlia vivax"              "Symposiachrus trivirgatus"


max date in updated: 
[1] "2025-09-10"


List of Tara Toohey species detected: 
