✔ Matched "citizen science" to valid download reason ID 11.

Reading in base occurrences ...

Downloading occurrences ...
Date in ISO8601 format; converting timezone from UTC to "Australia/Brisbane".
Reading layer `toohey_forest_boundary' from data source 
  `/home/runner/work/ALA_Toohey_Data/ALA_Toohey_Data/spatial_data/toohey_forest_boundary.shp' 
  using driver `ESRI Shapefile'
Simple feature collection with 1 feature and 11 fields
Geometry type: POLYGON
Dimension:     XYZ
Bounding box:  xmin: 153.0322 ymin: -27.55984 xmax: 153.0815 ymax: -27.53135
z_range:       zmin: 0 zmax: 0
Geodetic CRS:  WGS 84
Adding cladistics ...
Querying API ■■■                                8% |  ETA: 15s
Querying API ■■■■■■■■■                         26% |  ETA: 12s
Querying API ■■■■■■■■■■■■■■                    44% |  ETA:  9s
Querying API ■■■■■■■■■■■■■■■■■■■■              62% |  ETA:  6s
Querying API ■■■■■■■■■■■■■■■■■■■■■■■■■         81% |  ETA:  3s
Running test suite ...

══ Testing update_occs_testQA.R ════════════════════════════════════════════════

[ FAIL 0 | WARN 0 | SKIP 0 | PASS 0 ]
[ FAIL 0 | WARN 0 | SKIP 0 | PASS 1 ]
[ FAIL 0 | WARN 0 | SKIP 0 | PASS 2 ]
[ FAIL 0 | WARN 0 | SKIP 0 | PASS 3 ]
[ FAIL 0 | WARN 0 | SKIP 0 | PASS 4 ]
[ FAIL 0 | WARN 0 | SKIP 0 | PASS 5 ]
[ FAIL 0 | WARN 0 | SKIP 0 | PASS 6 ]
[ FAIL 0 | WARN 0 | SKIP 0 | PASS 7 ]
[ FAIL 0 | WARN 0 | SKIP 0 | PASS 8 ]
[ FAIL 0 | WARN 0 | SKIP 0 | PASS 9 ]
[ FAIL 0 | WARN 0 | SKIP 0 | PASS 10 ]
[ FAIL 0 | WARN 0 | SKIP 0 | PASS 11 ]
[ FAIL 0 | WARN 0 | SKIP 0 | PASS 12 ]
[ FAIL 0 | WARN 0 | SKIP 0 | PASS 13 ]
[ FAIL 0 | WARN 0 | SKIP 0 | PASS 14 ]
[ FAIL 0 | WARN 0 | SKIP 0 | PASS 15 ]
[ FAIL 0 | WARN 0 | SKIP 0 | PASS 16 ]
[ FAIL 0 | WARN 0 | SKIP 0 | PASS 17 ]
[ FAIL 0 | WARN 0 | SKIP 0 | PASS 18 ]
[ FAIL 0 | WARN 0 | SKIP 0 | PASS 19 ] Done!

All tests passed. Proceeding with further analysis.
Joining with `by = join_by(latitude, longitude, eventDate, eventTime, species)`


Number of new occurrences added: 52


Total number of occurrences in data: 47115


These species are missing wiki URLs - created default URLs: 
character(0)


These species are missing image URLs: 
character(0)


The following name mismatches were found: 


 [1] "Acanthorhynchus tenuirostris" "Alisterus scapularis"        
 [3] "Cacatua galerita"             "Cacatua sanguinea"           
 [5] "Colluricincla harmonica"      "Coracina novaehollandiae"    
 [7] "Corvus orru"                  "Cracticus nigrogularis"      
 [9] "Cracticus torquatus"          "Dicrurus bracteatus"         
[11] "Edolisoma tenuirostre"        "Entomyzon cyanotis"          
[13] "Eopsaltria australis"         "Eudynamys orientalis"        
[15] "Grallina cyanoleuca"          "Hirundo neoxena"             
[17] "Lichmera indistincta"         "Malurus cyaneus"             
[19] "Meliphaga lewinii"            "Melithreptus albogularis"    
[21] "Myiagra rubecula"             "Neochmia temporalis"         
[23] "Oriolus sagittatus"           "Pachycephala pectoralis"     
[25] "Pachycephala rufiventris"     "Pardalotus striatus"         
[27] "Petrochelidon nigricans"      "Philemon corniculatus"       
[29] "Platycercus adscitus"         "Psophodes olivaceus"         
[31] "Rhipidura leucophrys"         "Rhipidura rufifrons"         
[33] "Sericornis frontalis"         "Strepera graculina"          
[35] "Symposiachrus trivirgatus"    "Synoicus ypsilophora"        
[37] "Todiramphus macleayii"        "Trichoglossus moluccanus"    
[39] "Zosterops lateralis"         


max date in updated: 
[1] "2026-04-22"


List of Tara Toohey species detected: 
