✔ Matched "citizen science" to valid download reason ID 11.

Reading in base occurrences ...

Downloading occurrences ...
Date in ISO8601 format; converting timezone from UTC to "Australia/Brisbane".
Reading layer `toohey_forest_boundary' from data source 
  `C:\Users\lachishs\OneDrive - Queensland Health\Documents\Epi Work - Documents\my_files\shellylac_github\ALA_Toohey_Data\spatial_data\toohey_forest_boundary.shp' 
  using driver `ESRI Shapefile'
Simple feature collection with 1 feature and 11 fields
Geometry type: POLYGON
Dimension:     XYZ
Bounding box:  xmin: 153.0322 ymin: -27.55984 xmax: 153.0815 ymax: -27.53135
z_range:       zmin: 0 zmax: 0
Geodetic CRS:  WGS 84
Adding cladistics ...
Querying API ■■■■■■                            15% |  ETA:  6s
Querying API ■■■■■■■                           19% |  ETA:  5s
Querying API ■■■■■■■■                          23% |  ETA:  5s
Querying API ■■■■■■■■■                         27% |  ETA:  5s
Querying API ■■■■■■■■■■                        31% |  ETA:  5s
Querying API ■■■■■■■■■■■                       35% |  ETA:  4s
Querying API ■■■■■■■■■■■■■■                    42% |  ETA:  3s
Querying API ■■■■■■■■■■■■■■■■                  50% |  ETA:  3s
Querying API ■■■■■■■■■■■■■■■■■■                58% |  ETA:  2s
Querying API ■■■■■■■■■■■■■■■■■■■               62% |  ETA:  2s
Querying API ■■■■■■■■■■■■■■■■■■■■■             65% |  ETA:  2s
Querying API ■■■■■■■■■■■■■■■■■■■■■■■           73% |  ETA:  1s
Querying API ■■■■■■■■■■■■■■■■■■■■■■■■          77% |  ETA:  1s
Querying API ■■■■■■■■■■■■■■■■■■■■■■■■■         81% |  ETA:  1s
Querying API ■■■■■■■■■■■■■■■■■■■■■■■■■■        85% |  ETA:  1s
Querying API ■■■■■■■■■■■■■■■■■■■■■■■■■■■■■     92% |  ETA:  0s
Querying API ■■■■■■■■■■■■■■■■■■■■■■■■■■■■■■    96% |  ETA:  0s
Running test suite ...

[ FAIL 0 | WARN 0 | SKIP 0 | PASS 0 ]
[ FAIL 0 | WARN 0 | SKIP 0 | PASS 1 ]
[ FAIL 0 | WARN 0 | SKIP 0 | PASS 2 ]
[ FAIL 0 | WARN 0 | SKIP 0 | PASS 3 ]
[ FAIL 0 | WARN 0 | SKIP 0 | PASS 4 ]
[ FAIL 0 | WARN 0 | SKIP 0 | PASS 5 ]
[ FAIL 0 | WARN 0 | SKIP 0 | PASS 6 ]
[ FAIL 0 | WARN 0 | SKIP 0 | PASS 7 ]
[ FAIL 0 | WARN 0 | SKIP 0 | PASS 8 ]
[ FAIL 0 | WARN 0 | SKIP 0 | PASS 9 ]
[ FAIL 0 | WARN 0 | SKIP 0 | PASS 10 ]
[ FAIL 0 | WARN 0 | SKIP 0 | PASS 11 ]
[ FAIL 0 | WARN 0 | SKIP 0 | PASS 12 ]
[ FAIL 0 | WARN 0 | SKIP 0 | PASS 13 ]
[ FAIL 0 | WARN 0 | SKIP 0 | PASS 14 ]
[ FAIL 0 | WARN 0 | SKIP 0 | PASS 15 ]
[ FAIL 0 | WARN 0 | SKIP 0 | PASS 16 ]
[ FAIL 0 | WARN 0 | SKIP 0 | PASS 17 ]
[ FAIL 0 | WARN 0 | SKIP 0 | PASS 18 ]
[ FAIL 0 | WARN 0 | SKIP 0 | PASS 19 ]
All tests passed. Proceeding with further analysis.
Joining with `by = join_by(latitude, longitude, eventDate, eventTime, species)`


Number of new occurrences added: 0


Total number of occurrences in data: 33233
